[Information, 10/26/2020 16:50:21, PataNext.Module.Simulation.CustomModule] My custom module has been loaded!
[Information, 10/26/2020 16:50:22, GameHost.Core.Client.StartGameHostListener] RPC Server started on port: 9000
[Information, 10/26/2020 16:50:22, GameHost.Core.Modules.Feature.GatherAvailableModuleSystem] Discovered Module PataNext.CoreAbilities.Server.dll (fullPath=C:\Users\guerr\Documents\Projets\PublishedOnGithub\patanext\PataNext.Export.Desktop\bin\Release\netcoreapp3.1\Modules\PataNext.CoreAbilities.Server.dll)
[Information, 10/26/2020 16:53:37, PataNext.Module.Simulation.CustomModule] My custom module has been loaded!
[Information, 10/26/2020 16:53:37, GameHost.Core.Client.StartGameHostListener] RPC Server started on port: 9000
[Information, 10/26/2020 16:53:37, GameHost.Core.Modules.Feature.GatherAvailableModuleSystem] Discovered Module PataNext.CoreAbilities.Server.dll (fullPath=C:\Users\guerr\Documents\Projets\PublishedOnGithub\patanext\PataNext.Export.Desktop\bin\Release\netcoreapp3.1\Modules\PataNext.CoreAbilities.Server.dll)
[Information, 10/26/2020 16:54:55, PataNext.Module.Simulation.CustomModule] My custom module has been loaded!
[Information, 10/26/2020 16:54:55, GameHost.Core.Client.StartGameHostListener] RPC Server started on port: 9000
[Information, 10/26/2020 16:54:55, GameHost.Core.Modules.Feature.GatherAvailableModuleSystem] Discovered Module PataNext.CoreAbilities.Server.dll (fullPath=C:\Users\guerr\Documents\Projets\PublishedOnGithub\patanext\PataNext.Export.Desktop\bin\Release\netcoreapp3.1\Modules\PataNext.CoreAbilities.Server.dll)
[Information, 10/26/2020 16:55:44, PataNext.Module.Simulation.CustomModule] My custom module has been loaded!
[Information, 10/26/2020 16:55:44, GameHost.Core.Client.StartGameHostListener] RPC Server started on port: 9000
[Information, 10/26/2020 16:55:44, GameHost.Core.Modules.Feature.GatherAvailableModuleSystem] Discovered Module PataNext.CoreAbilities.Server.dll (fullPath=C:\Users\guerr\Documents\Projets\PublishedOnGithub\patanext\PataNext.Export.Desktop\bin\Release\netcoreapp3.1\Modules\PataNext.CoreAbilities.Server.dll)
[Information, 10/26/2020 16:56:31, PataNext.Module.Simulation.CustomModule] My custom module has been loaded!
[Information, 10/26/2020 16:56:32, GameHost.Core.Client.StartGameHostListener] RPC Server started on port: 9000
[Information, 10/26/2020 16:56:32, GameHost.Core.Modules.Feature.GatherAvailableModuleSystem] Discovered Module PataNext.CoreAbilities.Server.dll (fullPath=C:\Users\guerr\Documents\Projets\PublishedOnGithub\patanext\PataNext.Export.Desktop\bin\Release\netcoreapp3.1\Modules\PataNext.CoreAbilities.Server.dll)
[Information, 10/26/2020 16:58:26, PataNext.Module.Simulation.CustomModule] My custom module has been loaded!
[Information, 10/26/2020 16:58:26, GameHost.Core.Client.StartGameHostListener] RPC Server started on port: 9000
[Information, 10/26/2020 16:58:26, GameHost.Core.Modules.Feature.GatherAvailableModuleSystem] Discovered Module PataNext.CoreAbilities.Server.dll (fullPath=C:\Users\guerr\Documents\Projets\PublishedOnGithub\patanext\PataNext.Export.Desktop\bin\Release\netcoreapp3.1\Modules\PataNext.CoreAbilities.Server.dll)
[Information, 10/26/2020 16:59:07, PataNext.Module.Simulation.CustomModule] My custom module has been loaded!
[Information, 10/26/2020 16:59:07, GameHost.Core.Client.StartGameHostListener] RPC Server started on port: 9000
[Information, 10/26/2020 16:59:07, GameHost.Core.Modules.Feature.GatherAvailableModuleSystem] Discovered Module PataNext.CoreAbilities.Server.dll (fullPath=C:\Users\guerr\Documents\Projets\PublishedOnGithub\patanext\PataNext.Export.Desktop\bin\Release\netcoreapp3.1\Modules\PataNext.CoreAbilities.Server.dll)
[Information, 10/26/2020 17:00:01, PataNext.Module.Simulation.CustomModule] My custom module has been loaded!
[Information, 10/26/2020 17:00:01, GameHost.Core.Client.StartGameHostListener] RPC Server started on port: 9000
[Information, 10/26/2020 17:00:01, GameHost.Core.Modules.Feature.GatherAvailableModuleSystem] Discovered Module PataNext.CoreAbilities.Server.dll (fullPath=C:\Users\guerr\Documents\Projets\PublishedOnGithub\patanext\PataNext.Export.Desktop\bin\Release\netcoreapp3.1\Modules\PataNext.CoreAbilities.Server.dll)
[Information, 10/26/2020 17:01:11, PataNext.Module.Simulation.CustomModule] My custom module has been loaded!
[Information, 10/26/2020 17:01:11, GameHost.Core.Client.StartGameHostListener] RPC Server started on port: 9000
[Information, 10/26/2020 17:01:11, GameHost.Core.Modules.Feature.GatherAvailableModuleSystem] Discovered Module PataNext.CoreAbilities.Server.dll (fullPath=C:\Users\guerr\Documents\Projets\PublishedOnGithub\patanext\PataNext.Export.Desktop\bin\Release\netcoreapp3.1\Modules\PataNext.CoreAbilities.Server.dll)
[Information, 10/26/2020 17:01:39, PataNext.Module.Simulation.CustomModule] My custom module has been loaded!
[Information, 10/26/2020 17:01:39, GameHost.Core.Client.StartGameHostListener] RPC Server started on port: 9000
[Information, 10/26/2020 17:01:39, GameHost.Core.Modules.Feature.GatherAvailableModuleSystem] Discovered Module PataNext.CoreAbilities.Server.dll (fullPath=C:\Users\guerr\Documents\Projets\PublishedOnGithub\patanext\PataNext.Export.Desktop\bin\Release\netcoreapp3.1\Modules\PataNext.CoreAbilities.Server.dll)
[Information, 10/26/2020 17:02:25, PataNext.Module.Simulation.CustomModule] My custom module has been loaded!
[Information, 10/26/2020 17:02:25, GameHost.Core.Client.StartGameHostListener] RPC Server started on port: 9000
[Information, 10/26/2020 17:02:25, GameHost.Core.Modules.Feature.GatherAvailableModuleSystem] Discovered Module PataNext.CoreAbilities.Server.dll (fullPath=C:\Users\guerr\Documents\Projets\PublishedOnGithub\patanext\PataNext.Export.Desktop\bin\Release\netcoreapp3.1\Modules\PataNext.CoreAbilities.Server.dll)
[Information, 10/26/2020 17:03:53, PataNext.Module.Simulation.CustomModule] My custom module has been loaded!
[Information, 10/26/2020 17:03:53, GameHost.Core.Client.StartGameHostListener] RPC Server started on port: 9000
[Information, 10/26/2020 17:03:53, GameHost.Core.Modules.Feature.GatherAvailableModuleSystem] Discovered Module PataNext.CoreAbilities.Server.dll (fullPath=C:\Users\guerr\Documents\Projets\PublishedOnGithub\patanext\PataNext.Export.Desktop\bin\Release\netcoreapp3.1\Modules\PataNext.CoreAbilities.Server.dll)
[Information, 10/26/2020 17:06:30, PataNext.Module.Simulation.CustomModule] My custom module has been loaded!
[Information, 10/26/2020 17:06:30, GameHost.Core.Client.StartGameHostListener] RPC Server started on port: 9000
[Information, 10/26/2020 17:06:30, GameHost.Core.Modules.Feature.GatherAvailableModuleSystem] Discovered Module PataNext.CoreAbilities.Server.dll (fullPath=C:\Users\guerr\Documents\Projets\PublishedOnGithub\patanext\PataNext.Export.Desktop\bin\Release\netcoreapp3.1\Modules\PataNext.CoreAbilities.Server.dll)
[Information, 10/26/2020 17:06:57, PataNext.Module.Simulation.CustomModule] My custom module has been loaded!
[Information, 10/26/2020 17:06:57, GameHost.Core.Client.StartGameHostListener] RPC Server started on port: 9000
[Information, 10/26/2020 17:06:57, GameHost.Core.Modules.Feature.GatherAvailableModuleSystem] Discovered Module PataNext.CoreAbilities.Server.dll (fullPath=C:\Users\guerr\Documents\Projets\PublishedOnGithub\patanext\PataNext.Export.Desktop\bin\Release\netcoreapp3.1\Modules\PataNext.CoreAbilities.Server.dll)
[Information, 10/26/2020 17:07:40, PataNext.Module.Simulation.CustomModule] My custom module has been loaded!
[Information, 10/26/2020 17:07:41, GameHost.Core.Client.StartGameHostListener] RPC Server started on port: 9000
[Information, 10/26/2020 17:07:41, GameHost.Core.Modules.Feature.GatherAvailableModuleSystem] Discovered Module PataNext.CoreAbilities.Server.dll (fullPath=C:\Users\guerr\Documents\Projets\PublishedOnGithub\patanext\PataNext.Export.Desktop\bin\Debug\netcoreapp3.1\Modules\PataNext.CoreAbilities.Server.dll)
[Information, 10/26/2020 17:08:18, PataNext.Module.Simulation.CustomModule] My custom module has been loaded!
[Information, 10/26/2020 17:08:18, GameHost.Core.Client.StartGameHostListener] RPC Server started on port: 9000
[Information, 10/26/2020 17:08:18, GameHost.Core.Modules.Feature.GatherAvailableModuleSystem] Discovered Module PataNext.CoreAbilities.Server.dll (fullPath=C:\Users\guerr\Documents\Projets\PublishedOnGithub\patanext\PataNext.Export.Desktop\bin\Debug\netcoreapp3.1\Modules\PataNext.CoreAbilities.Server.dll)
[Information, 10/26/2020 17:08:57, PataNext.Module.Simulation.CustomModule] My custom module has been loaded!
[Information, 10/26/2020 17:08:57, GameHost.Core.Client.StartGameHostListener] RPC Server started on port: 9000
[Information, 10/26/2020 17:08:57, GameHost.Core.Modules.Feature.GatherAvailableModuleSystem] Discovered Module PataNext.CoreAbilities.Server.dll (fullPath=C:\Users\guerr\Documents\Projets\PublishedOnGithub\patanext\PataNext.Export.Desktop\bin\Debug\netcoreapp3.1\Modules\PataNext.CoreAbilities.Server.dll)
[Information, 10/26/2020 17:09:55, PataNext.Module.Simulation.CustomModule] My custom module has been loaded!
[Information, 10/26/2020 17:09:56, GameHost.Core.Client.StartGameHostListener] RPC Server started on port: 9000
[Information, 10/26/2020 17:09:56, GameHost.Core.Modules.Feature.GatherAvailableModuleSystem] Discovered Module PataNext.CoreAbilities.Server.dll (fullPath=C:\Users\guerr\Documents\Projets\PublishedOnGithub\patanext\PataNext.Export.Desktop\bin\Debug\netcoreapp3.1\Modules\PataNext.CoreAbilities.Server.dll)
[Information, 10/26/2020 17:16:40, PataNext.Module.Simulation.CustomModule] My custom module has been loaded!
[Information, 10/26/2020 17:16:40, GameHost.Core.Client.StartGameHostListener] RPC Server started on port: 9000
[Information, 10/26/2020 17:16:40, GameHost.Core.Modules.Feature.GatherAvailableModuleSystem] Discovered Module PataNext.CoreAbilities.Server.dll (fullPath=C:\Users\guerr\Documents\Projets\PublishedOnGithub\patanext\PataNext.Export.Desktop\bin\Debug\netcoreapp3.1\Modules\PataNext.CoreAbilities.Server.dll)
[Information, 10/26/2020 17:17:10, PataNext.Module.Simulation.CustomModule] My custom module has been loaded!
[Information, 10/26/2020 17:17:11, GameHost.Core.Client.StartGameHostListener] RPC Server started on port: 9000
[Information, 10/26/2020 17:17:11, GameHost.Core.Modules.Feature.GatherAvailableModuleSystem] Discovered Module PataNext.CoreAbilities.Server.dll (fullPath=C:\Users\guerr\Documents\Projets\PublishedOnGithub\patanext\PataNext.Export.Desktop\bin\Debug\netcoreapp3.1\Modules\PataNext.CoreAbilities.Server.dll)
[Information, 10/26/2020 17:21:54, PataNext.Module.Simulation.CustomModule] My custom module has been loaded!
[Information, 10/26/2020 17:21:54, GameHost.Core.Client.StartGameHostListener] RPC Server started on port: 9000
[Information, 10/26/2020 17:21:54, GameHost.Core.Modules.Feature.GatherAvailableModuleSystem] Discovered Module PataNext.CoreAbilities.Server.dll (fullPath=C:\Users\guerr\Documents\Projets\PublishedOnGithub\patanext\PataNext.Export.Desktop\bin\Debug\netcoreapp3.1\Modules\PataNext.CoreAbilities.Server.dll)
[Information, 10/26/2020 17:22:16, PataNext.Module.Simulation.CustomModule] My custom module has been loaded!
[Information, 10/26/2020 17:22:16, GameHost.Core.Client.StartGameHostListener] RPC Server started on port: 9000
[Information, 10/26/2020 17:22:16, GameHost.Core.Modules.Feature.GatherAvailableModuleSystem] Discovered Module PataNext.CoreAbilities.Server.dll (fullPath=C:\Users\guerr\Documents\Projets\PublishedOnGithub\patanext\PataNext.Export.Desktop\bin\Debug\netcoreapp3.1\Modules\PataNext.CoreAbilities.Server.dll)
[Information, 10/26/2020 17:22:24, GameHost.Core.Modules.Feature.ModuleManager] PataNext.CoreAbilities.Server module unloaded!
[Information, 10/26/2020 19:14:07, PataNext.Module.Simulation.CustomModule] My custom module has been loaded!
[Information, 10/26/2020 19:14:08, GameHost.Core.Client.StartGameHostListener] RPC Server started on port: 9000
[Information, 10/26/2020 19:14:08, GameHost.Core.Modules.Feature.GatherAvailableModuleSystem] Discovered Module PataNext.CoreAbilities.Server.dll (fullPath=C:\Users\guerr\Documents\Projets\PublishedOnGithub\patanext\PataNext.Export.Desktop\bin\Debug\netcoreapp3.1\Modules\PataNext.CoreAbilities.Server.dll)
[Information, 10/26/2020 19:15:55, PataNext.Module.Simulation.CustomModule] My custom module has been loaded!
[Information, 10/26/2020 19:15:56, GameHost.Core.Client.StartGameHostListener] RPC Server started on port: 9000
[Information, 10/26/2020 19:15:56, GameHost.Core.Modules.Feature.GatherAvailableModuleSystem] Discovered Module PataNext.CoreAbilities.Server.dll (fullPath=C:\Users\guerr\Documents\Projets\PublishedOnGithub\patanext\PataNext.Export.Desktop\bin\Debug\netcoreapp3.1\Modules\PataNext.CoreAbilities.Server.dll)
[Information, 10/26/2020 19:30:44, PataNext.Module.Simulation.CustomModule] My custom module has been loaded!
[Information, 10/26/2020 19:30:44, GameHost.Core.Client.StartGameHostListener] RPC Server started on port: 9000
[Information, 10/26/2020 19:30:44, GameHost.Core.Modules.Feature.GatherAvailableModuleSystem] Discovered Module PataNext.CoreAbilities.Server.dll (fullPath=C:\Users\guerr\Documents\Projets\PublishedOnGithub\patanext\PataNext.Export.Desktop\bin\Debug\netcoreapp3.1\Modules\PataNext.CoreAbilities.Server.dll)
[Information, 10/26/2020 19:31:24, PataNext.Module.Simulation.CustomModule] My custom module has been loaded!
[Information, 10/26/2020 19:31:24, GameHost.Core.Client.StartGameHostListener] RPC Server started on port: 9000
[Information, 10/26/2020 19:31:24, GameHost.Core.Modules.Feature.GatherAvailableModuleSystem] Discovered Module PataNext.CoreAbilities.Server.dll (fullPath=C:\Users\guerr\Documents\Projets\PublishedOnGithub\patanext\PataNext.Export.Desktop\bin\Debug\netcoreapp3.1\Modules\PataNext.CoreAbilities.Server.dll)
[Information, 10/26/2020 20:20:06, PataNext.Module.Simulation.CustomModule] My custom module has been loaded!
[Information, 10/26/2020 20:20:06, GameHost.Core.Client.StartGameHostListener] RPC Server started on port: 9000
[Information, 10/26/2020 20:20:06, GameHost.Core.Modules.Feature.GatherAvailableModuleSystem] Discovered Module PataNext.CoreAbilities.Server.dll (fullPath=C:\Users\guerr\Documents\Projets\PublishedOnGithub\patanext\PataNext.Export.Desktop\bin\Debug\netcoreapp3.1\Modules\PataNext.CoreAbilities.Server.dll)
[Information, 10/26/2020 20:21:27, PataNext.Module.Simulation.CustomModule] My custom module has been loaded!
[Information, 10/26/2020 20:21:27, GameHost.Core.Client.StartGameHostListener] RPC Server started on port: 9000
[Information, 10/26/2020 20:21:27, GameHost.Core.Modules.Feature.GatherAvailableModuleSystem] Discovered Module PataNext.CoreAbilities.Server.dll (fullPath=C:\Users\guerr\Documents\Projets\PublishedOnGithub\patanext\PataNext.Export.Desktop\bin\Debug\netcoreapp3.1\Modules\PataNext.CoreAbilities.Server.dll)
[Information, 10/26/2020 20:22:13, PataNext.Module.Simulation.CustomModule] My custom module has been loaded!
[Information, 10/26/2020 20:22:13, GameHost.Core.Client.StartGameHostListener] RPC Server started on port: 9000
[Information, 10/26/2020 20:22:13, GameHost.Core.Modules.Feature.GatherAvailableModuleSystem] Discovered Module PataNext.CoreAbilities.Server.dll (fullPath=C:\Users\guerr\Documents\Projets\PublishedOnGithub\patanext\PataNext.Export.Desktop\bin\Debug\netcoreapp3.1\Modules\PataNext.CoreAbilities.Server.dll)
[Information, 10/26/2020 20:31:52, PataNext.Module.Simulation.CustomModule] My custom module has been loaded!
[Information, 10/26/2020 20:31:52, GameHost.Core.Client.StartGameHostListener] RPC Server started on port: 9000
[Information, 10/26/2020 20:31:52, GameHost.Core.Modules.Feature.GatherAvailableModuleSystem] Discovered Module PataNext.CoreAbilities.Server.dll (fullPath=C:\Users\guerr\Documents\Projets\PublishedOnGithub\patanext\PataNext.Export.Desktop\bin\Debug\netcoreapp3.1\Modules\PataNext.CoreAbilities.Server.dll)
[Information, 10/26/2020 20:32:42, PataNext.Module.Simulation.CustomModule] My custom module has been loaded!
[Information, 10/26/2020 20:32:42, GameHost.Core.Client.StartGameHostListener] RPC Server started on port: 9000
[Information, 10/26/2020 20:32:42, GameHost.Core.Modules.Feature.GatherAvailableModuleSystem] Discovered Module PataNext.CoreAbilities.Server.dll (fullPath=C:\Users\guerr\Documents\Projets\PublishedOnGithub\patanext\PataNext.Export.Desktop\bin\Debug\netcoreapp3.1\Modules\PataNext.CoreAbilities.Server.dll)
[Information, 10/26/2020 20:33:09, PataNext.Module.Simulation.CustomModule] My custom module has been loaded!
[Information, 10/26/2020 20:33:09, GameHost.Core.Client.StartGameHostListener] RPC Server started on port: 9000
[Information, 10/26/2020 20:33:09, GameHost.Core.Modules.Feature.GatherAvailableModuleSystem] Discovered Module PataNext.CoreAbilities.Server.dll (fullPath=C:\Users\guerr\Documents\Projets\PublishedOnGithub\patanext\PataNext.Export.Desktop\bin\Debug\netcoreapp3.1\Modules\PataNext.CoreAbilities.Server.dll)
[Information, 10/26/2020 20:33:49, PataNext.Module.Simulation.CustomModule] My custom module has been loaded!
[Information, 10/26/2020 20:33:49, GameHost.Core.Client.StartGameHostListener] RPC Server started on port: 9000
[Information, 10/26/2020 20:33:49, GameHost.Core.Modules.Feature.GatherAvailableModuleSystem] Discovered Module PataNext.CoreAbilities.Server.dll (fullPath=C:\Users\guerr\Documents\Projets\PublishedOnGithub\patanext\PataNext.Export.Desktop\bin\Debug\netcoreapp3.1\Modules\PataNext.CoreAbilities.Server.dll)
